This file contains any messages produced by compilers while
running configure, to aid debugging if configure makes a mistake.

It was created by Phidget Webservice configure 2.1.8.20150410, which was
generated by GNU Autoconf 2.69.  Invocation command line was

  $ ./configure 

## --------- ##
## Platform. ##
## --------- ##

hostname = raspberrypi
uname -m = armv6l
uname -r = 3.18.11+
uname -s = Linux
uname -v = #781 PREEMPT Tue Apr 21 18:02:18 BST 2015

/usr/bin/uname -p = unknown
/bin/uname -X     = unknown

/bin/arch              = unknown
/usr/bin/arch -k       = unknown
/usr/convex/getsysinfo = unknown
/usr/bin/hostinfo      = unknown
/bin/machine           = unknown
/usr/bin/oslevel       = unknown
/bin/universe          = unknown

PATH: /usr/local/sbin
PATH: /usr/local/bin
PATH: /usr/sbin
PATH: /usr/bin
PATH: /sbin
PATH: /bin
PATH: /usr/local/games
PATH: /usr/games
PATH: /opt/node/bin


## ----------- ##
## Core tests. ##
## ----------- ##

configure:1895: checking for a BSD-compatible install
configure:1963: result: /usr/bin/install -c
configure:1974: checking whether build environment is sane
configure:2029: result: yes
configure:2180: checking for a thread-safe mkdir -p
configure:2219: result: /bin/mkdir -p
configure:2226: checking for gawk
configure:2256: result: no
configure:2226: checking for mawk
configure:2242: found /usr/bin/mawk
configure:2253: result: mawk
configure:2264: checking whether make sets $(MAKE)
configure:2286: result: yes
configure:2315: checking whether make supports nested variables
configure:2332: result: yes
configure:2470: checking whether make supports nested variables
configure:2487: result: yes
configure:2551: checking for gcc
configure:2567: found /usr/bin/gcc
configure:2578: result: gcc
configure:2807: checking for C compiler version
configure:2816: gcc --version >&5
gcc (Raspbian 4.9.2-10) 4.9.2
Copyright (C) 2014 Free Software Foundation, Inc.
This is free software; see the source for copying conditions.  There is NO
warranty; not even for MERCHANTABILITY or FITNESS FOR A PARTICULAR PURPOSE.

configure:2827: $? = 0
configure:2816: gcc -v >&5
Using built-in specs.
COLLECT_GCC=gcc
COLLECT_LTO_WRAPPER=/usr/lib/gcc/arm-linux-gnueabihf/4.9/lto-wrapper
Target: arm-linux-gnueabihf
Configured with: ../src/configure -v --with-pkgversion='Raspbian 4.9.2-10' --with-bugurl=file:///usr/share/doc/gcc-4.9/README.Bugs --enable-languages=c,c++,java,go,d,fortran,objc,obj-c++ --prefix=/usr --program-suffix=-4.9 --enable-shared --enable-linker-build-id --libexecdir=/usr/lib --without-included-gettext --enable-threads=posix --with-gxx-include-dir=/usr/include/c++/4.9 --libdir=/usr/lib --enable-nls --with-sysroot=/ --enable-clocale=gnu --enable-libstdcxx-debug --enable-libstdcxx-time=yes --enable-gnu-unique-object --disable-libitm --disable-libquadmath --enable-plugin --with-system-zlib --disable-browser-plugin --enable-java-awt=gtk --enable-gtk-cairo --with-java-home=/usr/lib/jvm/java-1.5.0-gcj-4.9-armhf/jre --enable-java-home --with-jvm-root-dir=/usr/lib/jvm/java-1.5.0-gcj-4.9-armhf --with-jvm-jar-dir=/usr/lib/jvm-exports/java-1.5.0-gcj-4.9-armhf --with-arch-directory=arm --with-ecj-jar=/usr/share/java/eclipse-ecj.jar --enable-objc-gc --enable-multiarch --disable-sjlj-exceptions --with-arch=armv6 --with-fpu=vfp --with-float=hard --enable-checking=release --build=arm-linux-gnueabihf --host=arm-linux-gnueabihf --target=arm-linux-gnueabihf
Thread model: posix
gcc version 4.9.2 (Raspbian 4.9.2-10) 
configure:2827: $? = 0
configure:2816: gcc -V >&5
gcc: error: unrecognized command line option '-V'
gcc: fatal error: no input files
compilation terminated.
configure:2827: $? = 4
configure:2816: gcc -qversion >&5
gcc: error: unrecognized command line option '-qversion'
gcc: fatal error: no input files
compilation terminated.
configure:2827: $? = 4
configure:2847: checking whether the C compiler works
configure:2869: gcc    conftest.c  >&5
configure:2873: $? = 0
configure:2921: result: yes
configure:2924: checking for C compiler default output file name
configure:2926: result: a.out
configure:2932: checking for suffix of executables
configure:2939: gcc -o conftest    conftest.c  >&5
configure:2943: $? = 0
configure:2965: result: 
configure:2987: checking whether we are cross compiling
configure:2995: gcc -o conftest    conftest.c  >&5
configure:2999: $? = 0
configure:3006: ./conftest
configure:3010: $? = 0
configure:3025: result: no
configure:3030: checking for suffix of object files
configure:3052: gcc -c   conftest.c >&5
configure:3056: $? = 0
configure:3077: result: o
configure:3081: checking whether we are using the GNU C compiler
configure:3100: gcc -c   conftest.c >&5
configure:3100: $? = 0
configure:3109: result: yes
configure:3118: checking whether gcc accepts -g
configure:3138: gcc -c -g  conftest.c >&5
configure:3138: $? = 0
configure:3179: result: yes
configure:3196: checking for gcc option to accept ISO C89
configure:3259: gcc  -c -g -O2  conftest.c >&5
configure:3259: $? = 0
configure:3272: result: none needed
configure:3297: checking whether gcc understands -c and -o together
configure:3319: gcc -c conftest.c -o conftest2.o
configure:3322: $? = 0
configure:3319: gcc -c conftest.c -o conftest2.o
configure:3322: $? = 0
configure:3334: result: yes
configure:3362: checking for style of include used by make
configure:3390: result: GNU
configure:3416: checking dependency style of gcc
configure:3527: result: gcc3
configure:3545: checking for library containing CPhidget_getLibraryVersion
configure:3576: gcc -o conftest -g -O2   conftest.c  >&5
/tmp/ccuatPrn.o: In function `main':
/home/pi/projects/CTD/CTD_nodejs/libphidget-2.1.8.20150410/phidgetwebservice-2.1.8.20150410/conftest.c:22: undefined reference to `CPhidget_getLibraryVersion'
collect2: error: ld returned 1 exit status
configure:3576: $? = 1
configure: failed program was:
| /* confdefs.h */
| #define PACKAGE_NAME "Phidget Webservice"
| #define PACKAGE_TARNAME "phidgetwebservice"
| #define PACKAGE_VERSION "2.1.8.20150410"
| #define PACKAGE_STRING "Phidget Webservice 2.1.8.20150410"
| #define PACKAGE_BUGREPORT "support@phidgets.com"
| #define PACKAGE_URL "www.phidgets.com"
| #define PACKAGE "phidgetwebservice"
| #define VERSION "2.1.8.20150410"
| /* end confdefs.h.  */
| 
| /* Override any GCC internal prototype to avoid an error.
|    Use char because int might match the return type of a GCC
|    builtin and then its argument prototype would still apply.  */
| #ifdef __cplusplus
| extern "C"
| #endif
| char CPhidget_getLibraryVersion ();
| int
| main ()
| {
| return CPhidget_getLibraryVersion ();
|   ;
|   return 0;
| }
configure:3576: gcc -o conftest -g -O2   conftest.c -lphidget21   >&5
configure:3576: $? = 0
configure:3593: result: -lphidget21
configure:3603: checking for library containing dlopen
configure:3634: gcc -o conftest -g -O2   conftest.c -lphidget21  >&5
/usr/bin/ld: /tmp/cckb7dkM.o: undefined reference to symbol 'dlopen@@GLIBC_2.4'
//lib/arm-linux-gnueabihf/libdl.so.2: error adding symbols: DSO missing from command line
collect2: error: ld returned 1 exit status
configure:3634: $? = 1
configure: failed program was:
| /* confdefs.h */
| #define PACKAGE_NAME "Phidget Webservice"
| #define PACKAGE_TARNAME "phidgetwebservice"
| #define PACKAGE_VERSION "2.1.8.20150410"
| #define PACKAGE_STRING "Phidget Webservice 2.1.8.20150410"
| #define PACKAGE_BUGREPORT "support@phidgets.com"
| #define PACKAGE_URL "www.phidgets.com"
| #define PACKAGE "phidgetwebservice"
| #define VERSION "2.1.8.20150410"
| /* end confdefs.h.  */
| 
| /* Override any GCC internal prototype to avoid an error.
|    Use char because int might match the return type of a GCC
|    builtin and then its argument prototype would still apply.  */
| #ifdef __cplusplus
| extern "C"
| #endif
| char dlopen ();
| int
| main ()
| {
| return dlopen ();
|   ;
|   return 0;
| }
configure:3634: gcc -o conftest -g -O2   conftest.c -ldl  -lphidget21  >&5
configure:3634: $? = 0
configure:3651: result: -ldl
configure:3661: checking for library containing sqrt
configure:3692: gcc -o conftest -g -O2   conftest.c -ldl -lphidget21  >&5
conftest.c:18:6: warning: conflicting types for built-in function 'sqrt'
 char sqrt ();
      ^
/usr/bin/ld: /tmp/cchRQ7j9.o: undefined reference to symbol 'sqrt@@GLIBC_2.4'
//lib/arm-linux-gnueabihf/libm.so.6: error adding symbols: DSO missing from command line
collect2: error: ld returned 1 exit status
configure:3692: $? = 1
configure: failed program was:
| /* confdefs.h */
| #define PACKAGE_NAME "Phidget Webservice"
| #define PACKAGE_TARNAME "phidgetwebservice"
| #define PACKAGE_VERSION "2.1.8.20150410"
| #define PACKAGE_STRING "Phidget Webservice 2.1.8.20150410"
| #define PACKAGE_BUGREPORT "support@phidgets.com"
| #define PACKAGE_URL "www.phidgets.com"
| #define PACKAGE "phidgetwebservice"
| #define VERSION "2.1.8.20150410"
| /* end confdefs.h.  */
| 
| /* Override any GCC internal prototype to avoid an error.
|    Use char because int might match the return type of a GCC
|    builtin and then its argument prototype would still apply.  */
| #ifdef __cplusplus
| extern "C"
| #endif
| char sqrt ();
| int
| main ()
| {
| return sqrt ();
|   ;
|   return 0;
| }
configure:3692: gcc -o conftest -g -O2   conftest.c -lm  -ldl -lphidget21  >&5
conftest.c:18:6: warning: conflicting types for built-in function 'sqrt'
 char sqrt ();
      ^
configure:3692: $? = 0
configure:3709: result: -lm
configure:3719: checking for library containing pthread_join
configure:3750: gcc -o conftest -g -O2   conftest.c -lm -ldl -lphidget21  >&5
/usr/bin/ld: /tmp/cckZ4tYE.o: undefined reference to symbol 'pthread_join@@GLIBC_2.4'
//lib/arm-linux-gnueabihf/libpthread.so.0: error adding symbols: DSO missing from command line
collect2: error: ld returned 1 exit status
configure:3750: $? = 1
configure: failed program was:
| /* confdefs.h */
| #define PACKAGE_NAME "Phidget Webservice"
| #define PACKAGE_TARNAME "phidgetwebservice"
| #define PACKAGE_VERSION "2.1.8.20150410"
| #define PACKAGE_STRING "Phidget Webservice 2.1.8.20150410"
| #define PACKAGE_BUGREPORT "support@phidgets.com"
| #define PACKAGE_URL "www.phidgets.com"
| #define PACKAGE "phidgetwebservice"
| #define VERSION "2.1.8.20150410"
| /* end confdefs.h.  */
| 
| /* Override any GCC internal prototype to avoid an error.
|    Use char because int might match the return type of a GCC
|    builtin and then its argument prototype would still apply.  */
| #ifdef __cplusplus
| extern "C"
| #endif
| char pthread_join ();
| int
| main ()
| {
| return pthread_join ();
|   ;
|   return 0;
| }
configure:3750: gcc -o conftest -g -O2   conftest.c -lpthread  -lm -ldl -lphidget21  >&5
configure:3750: $? = 0
configure:3767: result: -lpthread
configure:3778: checking for library containing iconv
configure:3809: gcc -o conftest -g -O2   conftest.c -lpthread -lm -ldl -lphidget21  >&5
configure:3809: $? = 0
configure:3826: result: none required
configure:4107: checking that generated files are newer than configure
configure:4113: result: done
configure:4156: creating ./config.status

## ---------------------- ##
## Running config.status. ##
## ---------------------- ##

This file was extended by Phidget Webservice config.status 2.1.8.20150410, which was
generated by GNU Autoconf 2.69.  Invocation command line was

  CONFIG_FILES    = 
  CONFIG_HEADERS  = 
  CONFIG_LINKS    = 
  CONFIG_COMMANDS = 
  $ ./config.status 

on raspberrypi

config.status:784: creating Makefile
config.status:956: executing depfiles commands

## ---------------- ##
## Cache variables. ##
## ---------------- ##

ac_cv_c_compiler_gnu=yes
ac_cv_env_CC_set=
ac_cv_env_CC_value=
ac_cv_env_CFLAGS_set=
ac_cv_env_CFLAGS_value=
ac_cv_env_CPPFLAGS_set=
ac_cv_env_CPPFLAGS_value=
ac_cv_env_LDFLAGS_set=
ac_cv_env_LDFLAGS_value=
ac_cv_env_LIBS_set=
ac_cv_env_LIBS_value=
ac_cv_env_build_alias_set=
ac_cv_env_build_alias_value=
ac_cv_env_host_alias_set=
ac_cv_env_host_alias_value=
ac_cv_env_target_alias_set=
ac_cv_env_target_alias_value=
ac_cv_objext=o
ac_cv_path_install='/usr/bin/install -c'
ac_cv_path_mkdir=/bin/mkdir
ac_cv_prog_AWK=mawk
ac_cv_prog_ac_ct_CC=gcc
ac_cv_prog_cc_c89=
ac_cv_prog_cc_g=yes
ac_cv_prog_make_make_set=yes
ac_cv_search_CPhidget_getLibraryVersion=-lphidget21
ac_cv_search_dlopen=-ldl
ac_cv_search_iconv='none required'
ac_cv_search_pthread_join=-lpthread
ac_cv_search_sqrt=-lm
am_cv_CC_dependencies_compiler_type=gcc3
am_cv_make_support_nested_variables=yes
am_cv_prog_cc_c_o=yes

## ----------------- ##
## Output variables. ##
## ----------------- ##

ACLOCAL='${SHELL} /home/pi/projects/CTD/CTD_nodejs/libphidget-2.1.8.20150410/phidgetwebservice-2.1.8.20150410/missing aclocal-1.14'
AMDEPBACKSLASH='\'
AMDEP_FALSE='#'
AMDEP_TRUE=''
AMTAR='$${TAR-tar}'
AM_BACKSLASH='\'
AM_DEFAULT_V='$(AM_DEFAULT_VERBOSITY)'
AM_DEFAULT_VERBOSITY='0'
AM_V='$(V)'
AUTOCONF='${SHELL} /home/pi/projects/CTD/CTD_nodejs/libphidget-2.1.8.20150410/phidgetwebservice-2.1.8.20150410/missing autoconf'
AUTOHEADER='${SHELL} /home/pi/projects/CTD/CTD_nodejs/libphidget-2.1.8.20150410/phidgetwebservice-2.1.8.20150410/missing autoheader'
AUTOMAKE='${SHELL} /home/pi/projects/CTD/CTD_nodejs/libphidget-2.1.8.20150410/phidgetwebservice-2.1.8.20150410/missing automake-1.14'
AWK='mawk'
CC='gcc'
CCDEPMODE='depmode=gcc3'
CFLAGS='-g -O2'
CPPFLAGS=''
CYGPATH_W='echo'
DEBUG_FALSE=''
DEBUG_TRUE='#'
DEFS='-DPACKAGE_NAME=\"Phidget\ Webservice\" -DPACKAGE_TARNAME=\"phidgetwebservice\" -DPACKAGE_VERSION=\"2.1.8.20150410\" -DPACKAGE_STRING=\"Phidget\ Webservice\ 2.1.8.20150410\" -DPACKAGE_BUGREPORT=\"support@phidgets.com\" -DPACKAGE_URL=\"www.phidgets.com\" -DPACKAGE=\"phidgetwebservice\" -DVERSION=\"2.1.8.20150410\"'
DEPDIR='.deps'
ECHO_C=''
ECHO_N='-n'
ECHO_T=''
EXEEXT=''
INSTALL_DATA='${INSTALL} -m 644'
INSTALL_PROGRAM='${INSTALL}'
INSTALL_SCRIPT='${INSTALL}'
INSTALL_STRIP_PROGRAM='$(install_sh) -c -s'
INTERNAL_UNICONV_FALSE=''
INTERNAL_UNICONV_TRUE='#'
LDFLAGS=''
LIBOBJS=''
LIBS='-lpthread -lm -ldl -lphidget21 '
LTLIBOBJS=''
MAKEINFO='${SHELL} /home/pi/projects/CTD/CTD_nodejs/libphidget-2.1.8.20150410/phidgetwebservice-2.1.8.20150410/missing makeinfo'
MKDIR_P='/bin/mkdir -p'
OBJEXT='o'
PACKAGE='phidgetwebservice'
PACKAGE_BUGREPORT='support@phidgets.com'
PACKAGE_NAME='Phidget Webservice'
PACKAGE_STRING='Phidget Webservice 2.1.8.20150410'
PACKAGE_TARNAME='phidgetwebservice'
PACKAGE_URL='www.phidgets.com'
PACKAGE_VERSION='2.1.8.20150410'
PATH_SEPARATOR=':'
SET_MAKE=''
SHELL='/bin/bash'
STRIP=''
VERSION='2.1.8.20150410'
ZEROCONF_AVAHI_FALSE='#'
ZEROCONF_AVAHI_TRUE=''
ZEROCONF_BONJOUR_FALSE=''
ZEROCONF_BONJOUR_TRUE='#'
ZEROCONF_FALSE='#'
ZEROCONF_TRUE=''
ac_ct_CC='gcc'
am__EXEEXT_FALSE=''
am__EXEEXT_TRUE='#'
am__fastdepCC_FALSE='#'
am__fastdepCC_TRUE=''
am__include='include'
am__isrc=''
am__leading_dot='.'
am__nodep='_no'
am__quote=''
am__tar='$${TAR-tar} chof - "$$tardir"'
am__untar='$${TAR-tar} xf -'
bindir='${exec_prefix}/bin'
build_alias=''
datadir='${datarootdir}'
datarootdir='${prefix}/share'
docdir='${datarootdir}/doc/${PACKAGE_TARNAME}'
dvidir='${docdir}'
exec_prefix='${prefix}'
host_alias=''
htmldir='${docdir}'
includedir='${prefix}/include'
infodir='${datarootdir}/info'
install_sh='${SHELL} /home/pi/projects/CTD/CTD_nodejs/libphidget-2.1.8.20150410/phidgetwebservice-2.1.8.20150410/install-sh'
libdir='${exec_prefix}/lib'
libexecdir='${exec_prefix}/libexec'
localedir='${datarootdir}/locale'
localstatedir='${prefix}/var'
mandir='${datarootdir}/man'
mkdir_p='$(MKDIR_P)'
oldincludedir='/usr/include'
pdfdir='${docdir}'
prefix='/usr'
program_transform_name='s,x,x,'
psdir='${docdir}'
sbindir='${exec_prefix}/sbin'
sharedstatedir='${prefix}/com'
sysconfdir='${prefix}/etc'
target_alias=''

## ----------- ##
## confdefs.h. ##
## ----------- ##

/* confdefs.h */
#define PACKAGE_NAME "Phidget Webservice"
#define PACKAGE_TARNAME "phidgetwebservice"
#define PACKAGE_VERSION "2.1.8.20150410"
#define PACKAGE_STRING "Phidget Webservice 2.1.8.20150410"
#define PACKAGE_BUGREPORT "support@phidgets.com"
#define PACKAGE_URL "www.phidgets.com"
#define PACKAGE "phidgetwebservice"
#define VERSION "2.1.8.20150410"

configure: exit 0
